\BOOKMARK [0][-]{chapter.1}{\376\377\000C\000o\000d\000e\000\040\000M\000a\000n\000u\000a\000l}{}% 1
\BOOKMARK [1][-]{section.1.1}{\376\377\000l\000e\000z\000a\000r\000g\000u\000s}{chapter.1}% 2
\BOOKMARK [2][-]{subsection.1.1.1}{\376\377\000l\000e\000z\000a\000r\000g\000u\000s\000\040\000p\000a\000c\000k\000a\000g\000e}{section.1.1}% 3
\BOOKMARK [3][-]{subsubsection*.4}{\376\377\000S\000u\000b\000p\000a\000c\000k\000a\000g\000e\000s}{subsection.1.1.1}% 4
\BOOKMARK [4][-]{paragraph*.5}{\376\377\000l\000e\000z\000a\000r\000g\000u\000s\000.\000c\000o\000n\000t\000a\000i\000n\000e\000r\000\040\000p\000a\000c\000k\000a\000g\000e}{subsubsection*.4}% 5
\BOOKMARK [5][-]{subparagraph*.6}{\376\377\000S\000u\000b\000m\000o\000d\000u\000l\000e\000s}{paragraph*.5}% 6
\BOOKMARK [5][-]{subparagraph*.7}{\376\377\000l\000e\000z\000a\000r\000g\000u\000s\000.\000c\000o\000n\000t\000a\000i\000n\000e\000r\000.\000c\000u\000b\000e\000\040\000m\000o\000d\000u\000l\000e}{paragraph*.5}% 7
\BOOKMARK [5][-]{subparagraph*.37}{\376\377\000l\000e\000z\000a\000r\000g\000u\000s\000.\000c\000o\000n\000t\000a\000i\000n\000e\000r\000.\000i\000m\000a\000g\000e\000\040\000m\000o\000d\000u\000l\000e}{paragraph*.5}% 8
\BOOKMARK [5][-]{subparagraph*.65}{\376\377\000l\000e\000z\000a\000r\000g\000u\000s\000.\000c\000o\000n\000t\000a\000i\000n\000e\000r\000.\000m\000o\000s\000a\000i\000c\000\040\000m\000o\000d\000u\000l\000e}{paragraph*.5}% 9
\BOOKMARK [5][-]{subparagraph*.68}{\376\377\000l\000e\000z\000a\000r\000g\000u\000s\000.\000c\000o\000n\000t\000a\000i\000n\000e\000r\000.\000p\000a\000r\000e\000n\000t\000\040\000m\000o\000d\000u\000l\000e}{paragraph*.5}% 10
\BOOKMARK [5][-]{subparagraph*.102}{\376\377\000l\000e\000z\000a\000r\000g\000u\000s\000.\000c\000o\000n\000t\000a\000i\000n\000e\000r\000.\000s\000p\000e\000c\000t\000r\000a\000\040\000m\000o\000d\000u\000l\000e}{paragraph*.5}% 11
\BOOKMARK [5][-]{subparagraph*.132}{\376\377\000M\000o\000d\000u\000l\000e\000\040\000c\000o\000n\000t\000e\000n\000t\000s}{paragraph*.5}% 12
\BOOKMARK [4][-]{paragraph*.133}{\376\377\000l\000e\000z\000a\000r\000g\000u\000s\000.\000d\000a\000t\000a\000\040\000p\000a\000c\000k\000a\000g\000e}{subsubsection*.4}% 13
\BOOKMARK [5][-]{subparagraph*.134}{\376\377\000M\000o\000d\000u\000l\000e\000\040\000c\000o\000n\000t\000e\000n\000t\000s}{paragraph*.133}% 14
\BOOKMARK [4][-]{paragraph*.135}{\376\377\000l\000e\000z\000a\000r\000g\000u\000s\000.\000l\000i\000b\000r\000a\000r\000y\000\040\000p\000a\000c\000k\000a\000g\000e}{subsubsection*.4}% 15
\BOOKMARK [5][-]{subparagraph*.136}{\376\377\000S\000u\000b\000m\000o\000d\000u\000l\000e\000s}{paragraph*.135}% 16
\BOOKMARK [5][-]{subparagraph*.137}{\376\377\000l\000e\000z\000a\000r\000g\000u\000s\000.\000l\000i\000b\000r\000a\000r\000y\000.\000a\000r\000r\000a\000y\000\040\000m\000o\000d\000u\000l\000e}{paragraph*.135}% 17
\BOOKMARK [5][-]{subparagraph*.154}{\376\377\000l\000e\000z\000a\000r\000g\000u\000s\000.\000l\000i\000b\000r\000a\000r\000y\000.\000a\000t\000m\000o\000s\000p\000h\000e\000r\000e\000\040\000m\000o\000d\000u\000l\000e}{paragraph*.135}% 18
\BOOKMARK [5][-]{subparagraph*.177}{\376\377\000l\000e\000z\000a\000r\000g\000u\000s\000.\000l\000i\000b\000r\000a\000r\000y\000.\000c\000o\000n\000f\000i\000g\000\040\000m\000o\000d\000u\000l\000e}{paragraph*.135}% 19
\BOOKMARK [5][-]{subparagraph*.181}{\376\377\000l\000e\000z\000a\000r\000g\000u\000s\000.\000l\000i\000b\000r\000a\000r\000y\000.\000c\000o\000n\000v\000e\000r\000s\000i\000o\000n\000\040\000m\000o\000d\000u\000l\000e}{paragraph*.135}% 20
\BOOKMARK [5][-]{subparagraph*.185}{\376\377\000l\000e\000z\000a\000r\000g\000u\000s\000.\000l\000i\000b\000r\000a\000r\000y\000.\000d\000a\000t\000a\000\040\000m\000o\000d\000u\000l\000e}{paragraph*.135}% 21
\BOOKMARK [5][-]{subparagraph*.187}{\376\377\000l\000e\000z\000a\000r\000g\000u\000s\000.\000l\000i\000b\000r\000a\000r\000y\000.\000f\000i\000t\000s\000\040\000m\000o\000d\000u\000l\000e}{paragraph*.135}% 22
\BOOKMARK [5][-]{subparagraph*.215}{\376\377\000l\000e\000z\000a\000r\000g\000u\000s\000.\000l\000i\000b\000r\000a\000r\000y\000.\000f\000l\000a\000g\000s\000\040\000m\000o\000d\000u\000l\000e}{paragraph*.135}% 23
\BOOKMARK [5][-]{subparagraph*.225}{\376\377\000l\000e\000z\000a\000r\000g\000u\000s\000.\000l\000i\000b\000r\000a\000r\000y\000.\000h\000i\000n\000t\000\040\000m\000o\000d\000u\000l\000e}{paragraph*.135}% 24
\BOOKMARK [5][-]{subparagraph*.226}{\376\377\000l\000e\000z\000a\000r\000g\000u\000s\000.\000l\000i\000b\000r\000a\000r\000y\000.\000l\000o\000g\000g\000i\000n\000g\000\040\000m\000o\000d\000u\000l\000e}{paragraph*.135}% 25
\BOOKMARK [5][-]{subparagraph*.269}{\376\377\000l\000e\000z\000a\000r\000g\000u\000s\000.\000l\000i\000b\000r\000a\000r\000y\000.\000p\000a\000t\000h\000\040\000m\000o\000d\000u\000l\000e}{paragraph*.135}% 26
\BOOKMARK [5][-]{subparagraph*.277}{\376\377\000l\000e\000z\000a\000r\000g\000u\000s\000.\000l\000i\000b\000r\000a\000r\000y\000.\000w\000r\000a\000p\000p\000e\000r\000\040\000m\000o\000d\000u\000l\000e}{paragraph*.135}% 27
\BOOKMARK [5][-]{subparagraph*.286}{\376\377\000M\000o\000d\000u\000l\000e\000\040\000c\000o\000n\000t\000e\000n\000t\000s}{paragraph*.135}% 28
\BOOKMARK [3][-]{subsubsection*.287}{\376\377\000S\000u\000b\000m\000o\000d\000u\000l\000e\000s}{subsection.1.1.1}% 29
\BOOKMARK [4][-]{paragraph*.288}{\376\377\000l\000e\000z\000a\000r\000g\000u\000s\000.\000\137\000\137\000m\000a\000i\000n\000\137\000\137\000\040\000m\000o\000d\000u\000l\000e}{subsubsection*.287}% 30
\BOOKMARK [4][-]{paragraph*.289}{\376\377\000l\000e\000z\000a\000r\000g\000u\000s\000.\000\137\000\137\000v\000e\000r\000s\000i\000o\000n\000\137\000\137\000\040\000m\000o\000d\000u\000l\000e}{subsubsection*.287}% 31
\BOOKMARK [3][-]{subsubsection*.290}{\376\377\000M\000o\000d\000u\000l\000e\000\040\000c\000o\000n\000t\000e\000n\000t\000s}{subsection.1.1.1}% 32
\BOOKMARK [0][-]{chapter.2}{\376\377\000I\000n\000d\000i\000c\000e\000s\000\040\000a\000n\000d\000\040\000t\000a\000b\000l\000e\000s}{}% 33
\BOOKMARK [0][-]{chapter*.292}{\376\377\000P\000y\000t\000h\000o\000n\000\040\000M\000o\000d\000u\000l\000e\000\040\000I\000n\000d\000e\000x}{}% 34
\BOOKMARK [0][-]{chapter*.294}{\376\377\000I\000n\000d\000e\000x}{}% 35
